#
# There is insufficient memory for the Java Runtime Environment to continue.
# Native memory allocation (mmap) failed to map 201326592 bytes for G1 virtual space
# Possible reasons:
#   The system is out of physical RAM or swap space
#   The process is running with CompressedOops enabled, and the Java Heap may be blocking the growth of the native heap
# Possible solutions:
#   Reduce memory load on the system
#   Increase physical memory or swap space
#   Check if swap backing store is full
#   Decrease Java heap size (-Xmx/-Xms)
#   Decrease number of Java threads
#   Decrease Java thread stack sizes (-Xss)
#   Set larger code cache with -XX:ReservedCodeCacheSize=
#   JVM is running with Zero Based Compressed Oops mode in which the Java heap is
#     placed in the first 32GB address space. The Java Heap base address is the
#     maximum limit for the native heap growth. Please use -XX:HeapBaseMinAddress
#     to set the Java Heap base and to place the Java Heap above 32GB virtual address.
# This output file may be truncated or incomplete.
#
#  Out of Memory Error (os_windows.cpp:3557), pid=8420, tid=12984
#
# JRE version:  (17.0.6+10) (build )
# Java VM: OpenJDK 64-Bit Server VM (17.0.6+10, mixed mode, sharing, tiered, compressed oops, compressed class ptrs, g1 gc, windows-amd64)
# No core dump will be written. Minidumps are not enabled by default on client versions of Windows
#

---------------  S U M M A R Y ------------

Command Line: -Dmaven.home=EMBEDDED -Dclassworlds.conf=D:\Microservices\.metadata\.plugins\org.eclipse.m2e.launching\launches\m2conf9185643182753321736.tmp -Dmaven.multiModuleProjectDirectory=D:\Full Stack\full-stack-development\SpringBootMongo -Dm2e.build.project.data.socket.port=61539 -Dfile.encoding=UTF-8 -XX:+ShowCodeDetailsInExceptionMessages org.codehaus.plexus.classworlds.launcher.Launcher -B -Dmaven.test.skip=true -DskipTests -Dstyle.color=always clean install

Host: Intel(R) Core(TM) i3-5005U CPU @ 2.00GHz, 4 cores, 11G,  Windows 10 , 64 bit Build 18362 (10.0.18362.329)
Time: Wed May 10 15:21:01 2023 India Standard Time elapsed time: 0.103795 seconds (0d 0h 0m 0s)

---------------  T H R E A D  ---------------

Current thread (0x000001842298bf80):  JavaThread "Unknown thread" [_thread_in_vm, id=12984, stack(0x0000003d8f200000,0x0000003d8f300000)]

Stack: [0x0000003d8f200000,0x0000003d8f300000]
Native frames: (J=compiled Java code, j=interpreted, Vv=VM code, C=native code)
V  [jvm.dll+0x67741a]
V  [jvm.dll+0x834434]
V  [jvm.dll+0x835bde]
V  [jvm.dll+0x836243]
V  [jvm.dll+0x2457b5]
V  [jvm.dll+0x674329]
V  [jvm.dll+0x6689da]
V  [jvm.dll+0x30489b]
V  [jvm.dll+0x30bd96]
V  [jvm.dll+0x35b57e]
V  [jvm.dll+0x35b7af]
V  [jvm.dll+0x2db778]
V  [jvm.dll+0x2dc6e4]
V  [jvm.dll+0x806131]
V  [jvm.dll+0x369331]
V  [jvm.dll+0x7e56ac]
V  [jvm.dll+0x3eb35f]
V  [jvm.dll+0x3ecea1]
C  [jli.dll+0x5267]
C  [ucrtbase.dll+0x20e72]
C  [KERNEL32.DLL+0x17bd4]
C  [ntdll.dll+0x6ced1]


---------------  P R O C E S S  ---------------

Threads class SMR info:
_java_thread_list=0x00007ffed4985fd8, length=0, elements={
}

Java Threads: ( => current thread )

Other Threads:
  0x0000018422b58ac0 GCTaskThread "GC Thread#0" [stack: 0x0000003d8f300000,0x0000003d8f400000] [id=7944]
  0x0000018422b657e0 ConcurrentGCThread "G1 Main Marker" [stack: 0x0000003d8f400000,0x0000003d8f500000] [id=7808]
  0x0000018422b66a50 ConcurrentGCThread "G1 Conc#0" [stack: 0x0000003d8f500000,0x0000003d8f600000] [id=17368]

[error occurred during error reporting (printing all threads), id 0xc0000005, EXCEPTION_ACCESS_VIOLATION (0xc0000005) at pc=0x00007ffed415c1e7]

VM state: not at safepoint (not fully initialized)

VM Mutex/Monitor currently owned by a thread:  ([mutex/lock_event])
[0x0000018422aff3a0] Heap_lock - owner thread: 0x000001842298bf80

Heap address: 0x0000000741200000, size: 3054 MB, Compressed Oops mode: Zero based, Oop shift amount: 3

CDS archive(s) mapped at: [0x0000000000000000-0x0000000000000000-0x0000000000000000), size 0, SharedBaseAddress: 0x0000000800000000, ArchiveRelocationMode: 0.
Narrow klass base: 0x0000000000000000, Narrow klass shift: 0, Narrow klass range: 0x0

GC Precious Log:
<Empty>

Heap:
 garbage-first heap   total 0K, used 0K [0x0000000741200000, 0x0000000800000000)
  region size 2048K, 0 young (0K), 0 survivors (0K)

[error occurred during error reporting (printing heap information), id 0xc0000005, EXCEPTION_ACCESS_VIOLATION (0xc0000005) at pc=0x00007ffed45406f9]

GC Heap History (0 events):
No events

Dll operation events (1 events):
Event: 0.031 Loaded shared library D:\Softwares\sts-4.17.2.RELEASE\plugins\org.eclipse.justj.openjdk.hotspot.jre.full.win32.x86_64_17.0.6.v20230125-1136\jre\bin\java.dll

Deoptimization events (0 events):
No events

Classes unloaded (0 events):
No events

Classes redefined (0 events):
No events

Internal exceptions (0 events):
No events

VM Operations (0 events):
No events

Events (0 events):
No events


Dynamic libraries:
0x00007ff71f230000 - 0x00007ff71f23e000 	D:\Softwares\sts-4.17.2.RELEASE\plugins\org.eclipse.justj.openjdk.hotspot.jre.full.win32.x86_64_17.0.6.v20230125-1136\jre\bin\javaw.exe
0x00007fff47760000 - 0x00007fff47950000 	C:\Windows\SYSTEM32\ntdll.dll
0x00007fff46ac0000 - 0x00007fff46b72000 	C:\Windows\System32\KERNEL32.DLL
0x00007fff45020000 - 0x00007fff452c3000 	C:\Windows\System32\KERNELBASE.dll
0x00007fff44ea0000 - 0x00007fff44f9a000 	C:\Windows\System32\ucrtbase.dll
0x00007fff3a2f0000 - 0x00007fff3a307000 	D:\Softwares\sts-4.17.2.RELEASE\plugins\org.eclipse.justj.openjdk.hotspot.jre.full.win32.x86_64_17.0.6.v20230125-1136\jre\bin\jli.dll
0x00007fff466d0000 - 0x00007fff46864000 	C:\Windows\System32\USER32.dll
0x00007fff44e70000 - 0x00007fff44e91000 	C:\Windows\System32\win32u.dll
0x00007fff46030000 - 0x00007fff46056000 	C:\Windows\System32\GDI32.dll
0x00007fff45540000 - 0x00007fff456d4000 	C:\Windows\System32\gdi32full.dll
0x00007fff45300000 - 0x00007fff4539e000 	C:\Windows\System32\msvcp_win.dll
0x00007fff39ec0000 - 0x00007fff39ed9000 	D:\Softwares\sts-4.17.2.RELEASE\plugins\org.eclipse.justj.openjdk.hotspot.jre.full.win32.x86_64_17.0.6.v20230125-1136\jre\bin\VCRUNTIME140.dll
0x00007fff37970000 - 0x00007fff37bf5000 	C:\Windows\WinSxS\amd64_microsoft.windows.common-controls_6595b64144ccf1df_6.0.18362.719_none_e6c7b883130c6729\COMCTL32.dll
0x00007fff46870000 - 0x00007fff4690e000 	C:\Windows\System32\msvcrt.dll
0x00007fff45930000 - 0x00007fff45c66000 	C:\Windows\System32\combase.dll
0x00007fff45810000 - 0x00007fff45930000 	C:\Windows\System32\RPCRT4.dll
0x00007fff44fa0000 - 0x00007fff45020000 	C:\Windows\System32\bcryptPrimitives.dll
0x00007fff45c70000 - 0x00007fff45c9e000 	C:\Windows\System32\IMM32.DLL
0x00007fff3dc40000 - 0x00007fff3dc4c000 	D:\Softwares\sts-4.17.2.RELEASE\plugins\org.eclipse.justj.openjdk.hotspot.jre.full.win32.x86_64_17.0.6.v20230125-1136\jre\bin\vcruntime140_1.dll
0x00007fff28640000 - 0x00007fff286d1000 	D:\Softwares\sts-4.17.2.RELEASE\plugins\org.eclipse.justj.openjdk.hotspot.jre.full.win32.x86_64_17.0.6.v20230125-1136\jre\bin\msvcp140.dll
0x00007ffed3e70000 - 0x00007ffed4ab7000 	D:\Softwares\sts-4.17.2.RELEASE\plugins\org.eclipse.justj.openjdk.hotspot.jre.full.win32.x86_64_17.0.6.v20230125-1136\jre\bin\server\jvm.dll
0x00007fff460e0000 - 0x00007fff46183000 	C:\Windows\System32\ADVAPI32.dll
0x00007fff46ec0000 - 0x00007fff46f57000 	C:\Windows\System32\sechost.dll
0x00007fff3ed90000 - 0x00007fff3ed99000 	C:\Windows\SYSTEM32\WSOCK32.dll
0x00007fff46e40000 - 0x00007fff46eaf000 	C:\Windows\System32\WS2_32.dll
0x00007fff42100000 - 0x00007fff42124000 	C:\Windows\SYSTEM32\WINMM.dll
0x00007fff39660000 - 0x00007fff3966a000 	C:\Windows\SYSTEM32\VERSION.dll
0x00007fff420d0000 - 0x00007fff420fd000 	C:\Windows\SYSTEM32\WINMMBASE.dll
0x00007fff453a0000 - 0x00007fff453ea000 	C:\Windows\System32\cfgmgr32.dll
0x00007fff44630000 - 0x00007fff44641000 	C:\Windows\System32\kernel.appcore.dll
0x00007fff3e760000 - 0x00007fff3e76a000 	D:\Softwares\sts-4.17.2.RELEASE\plugins\org.eclipse.justj.openjdk.hotspot.jre.full.win32.x86_64_17.0.6.v20230125-1136\jre\bin\jimage.dll
0x00007fff327d0000 - 0x00007fff329c4000 	C:\Windows\SYSTEM32\DBGHELP.DLL
0x00007fff32690000 - 0x00007fff326ba000 	C:\Windows\SYSTEM32\dbgcore.DLL
0x00007fff3dd80000 - 0x00007fff3dda5000 	D:\Softwares\sts-4.17.2.RELEASE\plugins\org.eclipse.justj.openjdk.hotspot.jre.full.win32.x86_64_17.0.6.v20230125-1136\jre\bin\java.dll

dbghelp: loaded successfully - version: 4.0.5 - missing functions: none
symbol engine: initialized successfully - sym options: 0x614 - pdb path: .;D:\Softwares\sts-4.17.2.RELEASE\plugins\org.eclipse.justj.openjdk.hotspot.jre.full.win32.x86_64_17.0.6.v20230125-1136\jre\bin;C:\Windows\SYSTEM32;C:\Windows\WinSxS\amd64_microsoft.windows.common-controls_6595b64144ccf1df_6.0.18362.719_none_e6c7b883130c6729;D:\Softwares\sts-4.17.2.RELEASE\plugins\org.eclipse.justj.openjdk.hotspot.jre.full.win32.x86_64_17.0.6.v20230125-1136\jre\bin\server

VM Arguments:
jvm_args: -Dmaven.home=EMBEDDED -Dclassworlds.conf=D:\Microservices\.metadata\.plugins\org.eclipse.m2e.launching\launches\m2conf9185643182753321736.tmp -Dmaven.multiModuleProjectDirectory=D:\Full Stack\full-stack-development\SpringBootMongo -Dm2e.build.project.data.socket.port=61539 -Dfile.encoding=UTF-8 -XX:+ShowCodeDetailsInExceptionMessages 
java_command: org.codehaus.plexus.classworlds.launcher.Launcher -B -Dmaven.test.skip=true -DskipTests -Dstyle.color=always clean install
java_class_path (initial): D:\Softwares\sts-4.17.2.RELEASE\plugins\org.eclipse.m2e.maven.runtime_3.8.604.20221130-2149\jars\plexus-classworlds-2.6.0.jar
Launcher Type: SUN_STANDARD

[Global flags]
     intx CICompilerCount                          = 3                                         {product} {ergonomic}
     uint ConcGCThreads                            = 1                                         {product} {ergonomic}
     uint G1ConcRefinementThreads                  = 4                                         {product} {ergonomic}
   size_t G1HeapRegionSize                         = 2097152                                   {product} {ergonomic}
    uintx GCDrainStackTargetSize                   = 64                                        {product} {ergonomic}
   size_t InitialHeapSize                          = 201326592                                 {product} {ergonomic}
   size_t MarkStackSize                            = 4194304                                   {product} {ergonomic}
   size_t MaxHeapSize                              = 3202351104                                {product} {ergonomic}
   size_t MinHeapDeltaBytes                        = 2097152                                   {product} {ergonomic}
   size_t MinHeapSize                              = 8388608                                   {product} {ergonomic}
    uintx NonNMethodCodeHeapSize                   = 5832780                                {pd product} {ergonomic}
    uintx NonProfiledCodeHeapSize                  = 122912730                              {pd product} {ergonomic}
    uintx ProfiledCodeHeapSize                     = 122912730                              {pd product} {ergonomic}
    uintx ReservedCodeCacheSize                    = 251658240                              {pd product} {ergonomic}
     bool SegmentedCodeCache                       = true                                      {product} {ergonomic}
     bool ShowCodeDetailsInExceptionMessages       = true                                   {manageable} {command line}
   size_t SoftMaxHeapSize                          = 3202351104                             {manageable} {ergonomic}
     bool UseCompressedClassPointers               = true                           {product lp64_product} {ergonomic}
     bool UseCompressedOops                        = true                           {product lp64_product} {ergonomic}
     bool UseG1GC                                  = true                                      {product} {ergonomic}
     bool UseLargePagesIndividualAllocation        = false                                  {pd product} {ergonomic}

Logging:
Log output configuration:
 #0: stdout all=warning uptime,level,tags
 #1: stderr all=off uptime,level,tags

Environment Variables:
JAVA_HOME=E:\Software Installatio Path\Java\
PATH=D:/Softwares/sts-4.17.2.RELEASE//plugins/org.eclipse.justj.openjdk.hotspot.jre.full.win32.x86_64_17.0.6.v20230125-1136/jre/bin/server;D:/Softwares/sts-4.17.2.RELEASE//plugins/org.eclipse.justj.openjdk.hotspot.jre.full.win32.x86_64_17.0.6.v20230125-1136/jre/bin;C:\Program Files\Common Files\Oracle\Java\javapath;C:\Windows\system32;C:\Windows;C:\Windows\System32\Wbem;C:\Windows\System32\WindowsPowerShell\v1.0\;C:\Windows\System32\OpenSSH\;E:\Software Installatio Path\nodejs\;E:\Software Installatio Path\Git\Git\cmd;C:\Program Files\Docker\Docker\resources\bin;C:\Program Files\Amazon\AWSCLIV2\;C:\Program Files\MySQL\MySQL Shell 8.0\bin\;C:\Users\GAJANAN\AppData\Local\Microsoft\WindowsApps;JAVA_HOME\bin;E:\Software Installatio Path\Microsoft VS Code\Microsoft VS Code\bin;C:\Users\GAJANAN\AppData\Roaming\npm;D:\Softwares\apache-maven-3.8.1\bin;;D:\Softwares\sts-4.17.2.RELEASE;
USERNAME=GAJANAN
OS=Windows_NT
PROCESSOR_IDENTIFIER=Intel64 Family 6 Model 61 Stepping 4, GenuineIntel
TMP=C:\Users\GAJANAN\AppData\Local\Temp
TEMP=C:\Users\GAJANAN\AppData\Local\Temp



---------------  S Y S T E M  ---------------

OS:
 Windows 10 , 64 bit Build 18362 (10.0.18362.329)
OS uptime: 0 days 5:53 hours
Hyper-V role detected

CPU: total 4 (initial active 4) (2 cores per cpu, 2 threads per core) family 6 model 61 stepping 4 microcode 0x2b, cx8, cmov, fxsr, ht, mmx, 3dnowpref, sse, sse2, sse3, ssse3, sse4.1, sse4.2, popcnt, lzcnt, tsc, tscinvbit, avx, avx2, aes, erms, clmul, bmi1, bmi2, adx, fma, vzeroupper, clflush, hv

Memory: 4k page, system-wide physical 12208M (1364M free)
TotalPageFile size 25636M (AvailPageFile size 15M)
current process WorkingSet (physical memory assigned to process): 10M, peak: 10M
current process commit charge ("private bytes"): 51M, peak: 243M

vm_info: OpenJDK 64-Bit Server VM (17.0.6+10) for windows-amd64 JRE (17.0.6+10), built on Jan 18 2023 10:08:59 by "temurin" with MS VC++ 16.7 (VS2019)

END.
